Start testing: Sep 13 19:39 MSK
----------------------------------------------------------
1/1 Testing: test
1/1 Test: test
Command: "/home/klukashka/MAI_OOP_labs/lab_1/build/tests"
Directory: /home/klukashka/MAI_OOP_labs/lab_1/build
"test" start time: Sep 13 19:39 MSK
Output:
----------------------------------------------------------
[==========] Running 7 tests from 7 test suites.
[----------] Global test environment set-up.
[----------] 1 test from test_01
[ RUN      ] test_01.basic_test_set
[       OK ] test_01.basic_test_set (0 ms)
[----------] 1 test from test_01 (0 ms total)

[----------] 1 test from test_02
[ RUN      ] test_02.basic_test_set
[       OK ] test_02.basic_test_set (0 ms)
[----------] 1 test from test_02 (0 ms total)

[----------] 1 test from test_03
[ RUN      ] test_03.basic_test_set
[       OK ] test_03.basic_test_set (0 ms)
[----------] 1 test from test_03 (0 ms total)

[----------] 1 test from test_04
[ RUN      ] test_04.basic_test_set
[       OK ] test_04.basic_test_set (0 ms)
[----------] 1 test from test_04 (0 ms total)

[----------] 1 test from test_05
[ RUN      ] test_05.basic_test_set
[       OK ] test_05.basic_test_set (0 ms)
[----------] 1 test from test_05 (0 ms total)

[----------] 1 test from test_06
[ RUN      ] test_06.basic_test_set
[       OK ] test_06.basic_test_set (0 ms)
[----------] 1 test from test_06 (0 ms total)

[----------] 1 test from test_07
[ RUN      ] test_07.basic_test_set
[       OK ] test_07.basic_test_set (0 ms)
[----------] 1 test from test_07 (0 ms total)

[----------] Global test environment tear-down
[==========] 7 tests from 7 test suites ran. (0 ms total)
[  PASSED  ] 7 tests.
<end of output>
Test time =   0.02 sec
----------------------------------------------------------
Test Passed.
"test" end time: Sep 13 19:39 MSK
"test" time elapsed: 00:00:00
----------------------------------------------------------

End testing: Sep 13 19:39 MSK
